[*] Starting reconnaissance on hackthebox.com at Tue 29 Jul 2025 23:37:58 WAT
[+] Running WHOIS...
   Domain Name: HACKTHEBOX.COM
   Registry Domain ID: 1589213536_DOMAIN_COM-VRSN
   Registrar WHOIS Server: whois.registrar.amazon
   Registrar URL: http://registrar.amazon.com
   Updated Date: 2025-02-11T22:28:29Z
   Creation Date: 2010-03-18T03:26:29Z
   Registry Expiry Date: 2026-03-18T03:26:29Z
   Registrar: Amazon Registrar, Inc.
   Registrar IANA ID: 468
   Registrar Abuse Contact Email: trustandsafety@support.aws.com
   Registrar Abuse Contact Phone: +1.2024422253
   Domain Status: clientDeleteProhibited https://icann.org/epp#clientDeleteProhibited
   Domain Status: clientTransferProhibited https://icann.org/epp#clientTransferProhibited
   Domain Status: clientUpdateProhibited https://icann.org/epp#clientUpdateProhibited
   Name Server: CODY.NS.CLOUDFLARE.COM
   Name Server: JILL.NS.CLOUDFLARE.COM
   DNSSEC: signedDelegation
   DNSSEC DS Data: 2371 13 2 94504539EEB9E894BBBD9F27F1A0B6E0BE43E36106EBC14329A34544CD9EC56B
   URL of the ICANN Whois Inaccuracy Complaint Form: https://www.icann.org/wicf/
>>> Last update of whois database: 2025-07-29T22:37:50Z <<<

For more information on Whois status codes, please visit https://icann.org/epp

NOTICE: The expiration date displayed in this record is the date the
registrar's sponsorship of the domain name registration in the registry is
currently set to expire. This date does not necessarily reflect the expiration
date of the domain name registrant's agreement with the sponsoring
registrar.  Users may consult the sponsoring registrar's Whois database to
view the registrar's reported date of expiration for this registration.

TERMS OF USE: You are not authorized to access or query our Whois
database through the use of electronic processes that are high-volume and
automated except as reasonably necessary to register domain names or
modify existing registrations; the Data in VeriSign Global Registry
Services' ("VeriSign") Whois database is provided by VeriSign for
information purposes only, and to assist persons in obtaining information
about or related to a domain name registration record. VeriSign does not
guarantee its accuracy. By submitting a Whois query, you agree to abide
by the following terms of use: You agree that you may use this Data only
for lawful purposes and that under no circumstances will you use this Data
to: (1) allow, enable, or otherwise support the transmission of mass
unsolicited, commercial advertising or solicitations via e-mail, telephone,
or facsimile; or (2) enable high volume, automated, electronic processes
that apply to VeriSign (or its computer systems). The compilation,
repackaging, dissemination or other use of this Data is expressly
prohibited without the prior written consent of VeriSign. You agree not to
use electronic processes that are automated and high-volume to access or
query the Whois database except as reasonably necessary to register
domain names or modify existing registrations. VeriSign reserves the right
to restrict your access to the Whois database in its sole discretion to ensure
operational stability.  VeriSign may restrict or terminate your access to the
Whois database for failure to abide by these terms of use. VeriSign
reserves the right to modify these terms at any time.

The Registry database contains ONLY .COM, .NET, .EDU domains and
Registrars.
Domain Name: hackthebox.com
Registry Domain ID: 1589213536_DOMAIN_COM-VRSN
Registrar WHOIS Server: whois.registrar.amazon
Registrar URL: https://registrar.amazon.com
Updated Date: 2025-02-11T22:28:30Z
Creation Date: 2010-03-18T03:26:29Z
Registrar Registration Expiration Date: 2026-03-18T03:26:29Z
Registrar: Amazon Registrar, Inc.
Registrar IANA ID: 468
Registrar Abuse Contact Email: trustandsafety@support.aws.com
Registrar Abuse Contact Phone: +1.2024422253
Domain Status: clientUpdateProhibited https://icann.org/epp#clientUpdateProhibited
Domain Status: clientTransferProhibited https://icann.org/epp#clientTransferProhibited
Domain Status: clientDeleteProhibited https://icann.org/epp#clientDeleteProhibited
Registry Registrant ID: Not Available From Registry
Registrant Name: On behalf of hackthebox.com owner
Registrant Organization: Identity Protection Service
Registrant Street: PO Box 786
Registrant City: Hayes
Registrant State/Province: Middlesex
Registrant Postal Code: UB3 9TR
Registrant Country: GB
Registrant Phone: +44.1483307527
Registrant Phone Ext:
Registrant Fax: +44.1483304031
Registrant Fax Ext:
Registrant Email: 6ca220df-81cb-47f3-b9eb-29370e71fea6@identity-protect.org
Registry Tech ID: Not Available From Registry
Tech Name: On behalf of hackthebox.com owner
Tech Organization: Identity Protection Service
Tech Street: PO Box 786
Tech City: Hayes
Tech State/Province: Middlesex
Tech Postal Code: UB3 9TR
Tech Country: GB
Tech Phone: +44.1483307527
Tech Phone Ext:
Tech Fax: +44.1483304031
Tech Fax Ext:
Tech Email: 6ca220df-81cb-47f3-b9eb-29370e71fea6@identity-protect.org
Name Server: CODY.NS.CLOUDFLARE.COM
Name Server: JILL.NS.CLOUDFLARE.COM
DNSSEC: signedDelegation
URL of the ICANN WHOIS Data Problem Reporting System: http://wdprs.internic.net/
>>> Last update of WHOIS database: 2025-07-29T22:37:59Z <<<
For more information on Whois status codes, please visit https://icann.org/epp

By submitting a query to the Amazon Registrar, Inc. WHOIS database, you
agree to abide by the following terms. The data in Amazon Registrar, Inc.'s
WHOIS database is provided by Amazon Registrar, Inc. for the sole purpose of
assisting you in obtaining information about domain name accuracy. You agree
to use this data only for lawful purposes and further agree not to use this
data for any unlawful purpose or to: (1) enable, allow, or otherwise support
the transmission by email, telephone, or facsimile of commercial advertising
or unsolicited bulk email, or (2) enable high volume, automated, electronic
processes to collect or compile this data for any purpose, including mining
this data for your own personal or commercial purposes. Amazon Registrar, Inc.
reserves the right to restrict or terminate your access to the data if you fail
to abide by these terms of use. Amazon Registrar, Inc. reserves the right
to modify these terms at any time.

Visit Amazon Registrar, Inc. at https://registrar.amazon.com

Contact information available here:
https://docs.aws.amazon.com/Route53/latest/DeveloperGuide/domain-contact-support.html

© 2020, Amazon.com, Inc., or its affiliates


[+] Running DNS Lookup...
Server:		192.168.79.50
Address:	192.168.79.50#53

Non-authoritative answer:
Name:	hackthebox.com
Address: 109.176.239.70
Name:	hackthebox.com
Address: 109.176.239.69

[+] Scanning Open Ports with Nmap...
Starting Nmap 7.95 ( https://nmap.org ) at 2025-07-29 23:37 WAT
[+] Checking for FTP Anonymous Login...
Starting Nmap 7.95 ( https://nmap.org ) at 2025-07-29 23:38 WAT
Nmap scan report for hackthebox.com (109.176.239.70)
Host is up (0.072s latency).
Other addresses for hackthebox.com (not scanned): 109.176.239.69

PORT   STATE    SERVICE
21/tcp filtered ftp

Nmap done: 1 IP address (1 host up) scanned in 1.02 seconds
[+] Checking HTTP(S) Response...
HTTP/1.1 302 Moved Temporarily
Date: Tue, 29 Jul 2025 22:38:10 GMT
Content-Type: text/html
Content-Length: 143
Connection: keep-alive
Cache-Control: private, max-age=0, no-store, no-cache, must-revalidate, post-check=0, pre-check=0
Expires: Thu, 01 Jan 1970 00:00:01 GMT
Location: https://www.hackthebox.com/
Server: cloudflare
CF-RAY: 96701ae56df44ebe-JNB
alt-svc: h3=":443"; ma=86400

HTTP/2 302 
date: Tue, 29 Jul 2025 22:38:11 GMT
content-type: text/html
content-length: 143
location: https://www.hackthebox.com/
cache-control: private, max-age=0, no-store, no-cache, must-revalidate, post-check=0, pre-check=0
expires: Thu, 01 Jan 1970 00:00:01 GMT
strict-transport-security: max-age=15552000; includeSubDomains
server: cloudflare
cf-ray: 96701ae7297c73c0-JNB
alt-svc: h3=":443"; ma=86400

[+] Testing TLS/SSL Support...
Starting Nmap 7.95 ( https://nmap.org ) at 2025-07-29 23:38 WAT
Nmap scan report for hackthebox.com (109.176.239.69)
Host is up (0.073s latency).
Other addresses for hackthebox.com (not scanned): 109.176.239.70

PORT    STATE SERVICE
443/tcp open  https
| ssl-enum-ciphers: 
|   TLSv1.2: 
|     ciphers: 
|       TLS_ECDHE_ECDSA_WITH_AES_128_CBC_SHA (ecdh_x25519) - A
|       TLS_ECDHE_ECDSA_WITH_AES_128_CBC_SHA256 (ecdh_x25519) - A
|       TLS_ECDHE_ECDSA_WITH_AES_128_GCM_SHA256 (ecdh_x25519) - A
|       TLS_ECDHE_ECDSA_WITH_AES_256_CBC_SHA (ecdh_x25519) - A
|       TLS_ECDHE_ECDSA_WITH_AES_256_CBC_SHA384 (ecdh_x25519) - A
|       TLS_ECDHE_ECDSA_WITH_AES_256_GCM_SHA384 (ecdh_x25519) - A
|       TLS_ECDHE_ECDSA_WITH_CHACHA20_POLY1305_SHA256 (ecdh_x25519) - A
|       TLS_ECDHE_RSA_WITH_AES_128_CBC_SHA (ecdh_x25519) - A
|       TLS_ECDHE_RSA_WITH_AES_128_CBC_SHA256 (ecdh_x25519) - A
|       TLS_ECDHE_RSA_WITH_AES_128_GCM_SHA256 (ecdh_x25519) - A
|       TLS_ECDHE_RSA_WITH_AES_256_CBC_SHA (ecdh_x25519) - A
|       TLS_ECDHE_RSA_WITH_AES_256_CBC_SHA384 (ecdh_x25519) - A
|       TLS_ECDHE_RSA_WITH_AES_256_GCM_SHA384 (ecdh_x25519) - A
|       TLS_ECDHE_RSA_WITH_CHACHA20_POLY1305_SHA256 (ecdh_x25519) - A
|       TLS_RSA_WITH_AES_128_CBC_SHA (rsa 2048) - A
|       TLS_RSA_WITH_AES_128_CBC_SHA256 (rsa 2048) - A
|       TLS_RSA_WITH_AES_128_GCM_SHA256 (rsa 2048) - A
|       TLS_RSA_WITH_AES_256_CBC_SHA (rsa 2048) - A
|       TLS_RSA_WITH_AES_256_CBC_SHA256 (rsa 2048) - A
|       TLS_RSA_WITH_AES_256_GCM_SHA384 (rsa 2048) - A
|     compressors: 
|       NULL
|     cipher preference: client
|   TLSv1.3: 
|     ciphers: 
|       TLS_AKE_WITH_AES_128_GCM_SHA256 (ecdh_x25519) - A
|       TLS_AKE_WITH_AES_256_GCM_SHA384 (ecdh_x25519) - A
|       TLS_AKE_WITH_CHACHA20_POLY1305_SHA256 (ecdh_x25519) - A
|     cipher preference: client
|_  least strength: A

Nmap done: 1 IP address (1 host up) scanned in 5.12 seconds
[+] Checking if DVWA is Installed...
[+] Basic Web Fingerprinting...
[1m[34mhttp://hackthebox.com[0m [302 Found] [1mCountry[0m[[0m[22mUNITED KINGDOM[0m][[1m[31mGB[0m], [1mHTTPServer[0m[[1m[36mcloudflare[0m], [1mIP[0m[[0m[22m109.176.239.69[0m], [1mRedirectLocation[0m[[0m[22mhttps://www.hackthebox.com/[0m], [1mTitle[0m[[1m[33m302 Found[0m], [1mUncommonHeaders[0m[[0m[22mcf-ray,alt-svc[0m]
[*] Done. Output saved to: recon_hackthebox.com_20250729_233758.log
